* Host notebooklm.google.com:443 was resolved.
* IPv6: (none)
* IPv4: 216.58.215.174
*   Trying 216.58.215.174:443...
* Connected to notebooklm.google.com (216.58.215.174) port 443
* ALPN: curl offers h2,http/1.1
* (304) (OUT), TLS handshake, Client hello (1):
} [326 bytes data]
*  CAfile: /etc/ssl/cert.pem
*  CApath: none
* (304) (IN), TLS handshake, Server hello (2):
{ [122 bytes data]
* (304) (IN), TLS handshake, Unknown (8):
{ [15 bytes data]
* (304) (IN), TLS handshake, Certificate (11):
{ [6342 bytes data]
* (304) (IN), TLS handshake, CERT verify (15):
{ [80 bytes data]
* (304) (IN), TLS handshake, Finished (20):
{ [36 bytes data]
* (304) (OUT), TLS handshake, Finished (20):
} [36 bytes data]
* SSL connection using TLSv1.3 / AEAD-CHACHA20-POLY1305-SHA256 / [blank] / UNDEF
* ALPN: server accepted h2
* Server certificate:
*  subject: CN=*.google.com
*  start date: Jan 26 08:39:20 2026 GMT
*  expire date: Apr 20 08:39:19 2026 GMT
*  subjectAltName: host "notebooklm.google.com" matched cert's "*.google.com"
*  issuer: C=US; O=Google Trust Services; CN=WR2
*  SSL certificate verify ok.
* using HTTP/2
* [HTTP/2] [1] OPENED stream for https://notebooklm.google.com/_/LabsTailwindUi/data/batchexecute?rpcids=ZwVcOc&source-path=%2Fnotebook%2F4d698458-ff63-464b-801e-babd89738652&bl=boq_labs-tailwind-frontend_20260215.02_p0&f.sid=-2757075467632565717&hl=es&_reqid=67311&rt=c
* [HTTP/2] [1] [:method: POST]
* [HTTP/2] [1] [:scheme: https]
* [HTTP/2] [1] [:authority: notebooklm.google.com]
* [HTTP/2] [1] [:path: /_/LabsTailwindUi/data/batchexecute?rpcids=ZwVcOc&source-path=%2Fnotebook%2F4d698458-ff63-464b-801e-babd89738652&bl=boq_labs-tailwind-frontend_20260215.02_p0&f.sid=-2757075467632565717&hl=es&_reqid=67311&rt=c]
* [HTTP/2] [1] [accept-encoding: deflate, gzip]
* [HTTP/2] [1] [cookie: _ga=GA1.1.274763647.1763303167; __Secure-BUCKET=CP8C; OSID=g.a0006AjMQtavptf50LognvucGmkdppkeMyUlZWJzoOd_-82R0VXPMwgnQzPeSELcQtm6gsipIAACgYKAdUSARYSFQHGX2MiZlW_cCJ_d94JAcFYg1G_jxoVAUF8yKob3mrHFi4AVEBXROKNdTST0076; __Secure-OSID=g.a0006AjMQtavptf50LognvucGmkdppkeMyUlZWJzoOd_-82R0VXPrYn04Z1e1LNhWIw65B-nxQACgYKAeQSARYSFQHGX2Mi3CcgiKXWzKBTHLrJfBuHjBoVAUF8yKpxpzqzeX1nLe-ZAMfuODbq0076; _gcl_au=1.1.419669574.1769262023; SID=g.a0006gjMQvet4fyUezAVpXsOUmS3mzCov7Ltw8yyrQXUVy7hNYyYRm-0FkeKZq6X1QqtyT3PBAACgYKAVgSARYSFQHGX2Mi2ue56IyX_hthLWVWwxVWORoVAUF8yKolNhdVkj1XZEeE213SEptI0076; __Secure-1PSID=g.a0006gjMQvet4fyUezAVpXsOUmS3mzCov7Ltw8yyrQXUVy7hNYyY7ztnispPXboGsd7HSGqm9gACgYKAVISARYSFQHGX2MiVFjHXMSF4K9RpDFtwL56KBoVAUF8yKqIP6aizi_jUCvG06wQcXKr0076; __Secure-3PSID=g.a0006gjMQvet4fyUezAVpXsOUmS3mzCov7Ltw8yyrQXUVy7hNYyYcaZ2AGv0FmxrF3i9m2IMHAACgYKARgSARYSFQHGX2MiDZilpxc9Q0ZZGG_5BiBP4xoVAUF8yKoWWZ0acYRUlD3pesohREs00076; HSID=A7qwlyHQv7NP0OE4-; SSID=A54aJBknqmN4VJCxN; APISID=D5hYG3-q_MHlEt4B/AlpwlW2iEINSuUhId; SAPISID=BeEu7oczVDdmKiT0/A4ZhGqyrlGLxsGGUu; __Secure-1PAPISID=BeEu7oczVDdmKiT0/A4ZhGqyrlGLxsGGUu; __Secure-3PAPISID=BeEu7oczVDdmKiT0/A4ZhGqyrlGLxsGGUu; SEARCH_SAMESITE=CgQIlaAB; AEC=AaJma5s5hvwAhCAyZ7AEgvenf6O3iRuHzRKqbfxQ9jQhWobhZw318bpUQiM; __Secure-ENID=31.SE=pkiJ_OtVmRPnVEMagdkuPmIvzcfE14LEjKoiiuiBYsRSb9udqta7KxC4qYgE8z7M1Q0eeFFWGbkD3VeMV-beCdmfwQZlVgEbSttZZCQVswo8e3sDy5zzWSH0isWCgqlhbwYj35svLeeLADWP1V4GPStcv1NQApNRCJ-Zl0HgDfRVSyn0asgO2-XbxyZeuYEAVJxcAFz9tsN91ci8qqxgNkbYRwNfGEyWvfFNK8honh_uF1m2rIx5J0OUKK_W6CND6NwyYIjWXNmtFOMc4HEX8-GF25dKThLZFx1ne-d-Z5XtDG-r3GFWqhInFTQncqjGh5n9o_VtO4YVLG1JL5Te3PTWoV_tv-MJf-LBscb1xQzW2wgXZHLCM4FUR3k4q2-iO2Y6auT9B7O4xpBRcrM4lpsOfHjpris7jCjAjTe7UbeFoJVw0ehiEBQSIoZA-dihNYwTnGhk5Y8U5sXd3PJIZw; NID=529=FeFlUu4mBSRqyvatlng42F0mWjeawN7V_8wlwwAvL6vNqn83n3NTlXsNd1gT-iu8WBp8zA_MXvGrVhtwL2En0jAhYicEnzxU_WWbcqh57SXeDZ6B4co-rJHPdrRYlHpH7gvZQLlFieRLrQYF8spx_rcP-5jLo-QcTG10CxwutrDGNrSLLCb2ZZg89ZDJQo09TwbsjUkw9vL28FFpwWysXT7B9XUR92PSpyrOqNyhPTC5JodBDcHmOX6XJKPmBicRjGXcvPong1ZdR3mLX7g
* [HTTP/2] [1] [accept: */*]
* [HTTP/2] [1] [accept-language: es-ES,es;q=0.9]
* [HTTP/2] [1] [content-type: application/x-www-form-urlencoded;charset=UTF-8]
* [HTTP/2] [1] [origin: https://notebooklm.google.com]
* [HTTP/2] [1] [priority: u=1, i]
* [HTTP/2] [1] [referer: https://notebooklm.google.com/]
* [HTTP/2] [1] [sec-ch-ua: "Google Chrome";v="143", "Chromium";v="143", "Not A(Brand";v="24"]
* [HTTP/2] [1] [sec-ch-ua-mobile: ?0]
* [HTTP/2] [1] [sec-ch-ua-platform: "macOS"]
* [HTTP/2] [1] [sec-fetch-dest: empty]
* [HTTP/2] [1] [sec-fetch-mode: cors]
* [HTTP/2] [1] [sec-fetch-site: same-origin]
* [HTTP/2] [1] [user-agent: Mozilla/5.0 (Macintosh; Intel Mac OS X 10_15_7) AppleWebKit/537.36 (KHTML, like Gecko) Chrome/143.0.0.0 Safari/537.36]
* [HTTP/2] [1] [x-same-domain: 1]
* [HTTP/2] [1] [content-length: 210]
> POST /_/LabsTailwindUi/data/batchexecute?rpcids=ZwVcOc&source-path=%2Fnotebook%2F4d698458-ff63-464b-801e-babd89738652&bl=boq_labs-tailwind-frontend_20260215.02_p0&f.sid=-2757075467632565717&hl=es&_reqid=67311&rt=c HTTP/2
> Host: notebooklm.google.com
> Accept-Encoding: deflate, gzip
> Cookie: _ga=GA1.1.274763647.1763303167; __Secure-BUCKET=CP8C; OSID=g.a0006AjMQtavptf50LognvucGmkdppkeMyUlZWJzoOd_-82R0VXPMwgnQzPeSELcQtm6gsipIAACgYKAdUSARYSFQHGX2MiZlW_cCJ_d94JAcFYg1G_jxoVAUF8yKob3mrHFi4AVEBXROKNdTST0076; __Secure-OSID=g.a0006AjMQtavptf50LognvucGmkdppkeMyUlZWJzoOd_-82R0VXPrYn04Z1e1LNhWIw65B-nxQACgYKAeQSARYSFQHGX2Mi3CcgiKXWzKBTHLrJfBuHjBoVAUF8yKpxpzqzeX1nLe-ZAMfuODbq0076; _gcl_au=1.1.419669574.1769262023; SID=g.a0006gjMQvet4fyUezAVpXsOUmS3mzCov7Ltw8yyrQXUVy7hNYyYRm-0FkeKZq6X1QqtyT3PBAACgYKAVgSARYSFQHGX2Mi2ue56IyX_hthLWVWwxVWORoVAUF8yKolNhdVkj1XZEeE213SEptI0076; __Secure-1PSID=g.a0006gjMQvet4fyUezAVpXsOUmS3mzCov7Ltw8yyrQXUVy7hNYyY7ztnispPXboGsd7HSGqm9gACgYKAVISARYSFQHGX2MiVFjHXMSF4K9RpDFtwL56KBoVAUF8yKqIP6aizi_jUCvG06wQcXKr0076; __Secure-3PSID=g.a0006gjMQvet4fyUezAVpXsOUmS3mzCov7Ltw8yyrQXUVy7hNYyYcaZ2AGv0FmxrF3i9m2IMHAACgYKARgSARYSFQHGX2MiDZilpxc9Q0ZZGG_5BiBP4xoVAUF8yKoWWZ0acYRUlD3pesohREs00076; HSID=A7qwlyHQv7NP0OE4-; SSID=A54aJBknqmN4VJCxN; APISID=D5hYG3-q_MHlEt4B/AlpwlW2iEINSuUhId; SAPISID=BeEu7oczVDdmKiT0/A4ZhGqyrlGLxsGGUu; __Secure-1PAPISID=BeEu7oczVDdmKiT0/A4ZhGqyrlGLxsGGUu; __Secure-3PAPISID=BeEu7oczVDdmKiT0/A4ZhGqyrlGLxsGGUu; SEARCH_SAMESITE=CgQIlaAB; AEC=AaJma5s5hvwAhCAyZ7AEgvenf6O3iRuHzRKqbfxQ9jQhWobhZw318bpUQiM; __Secure-ENID=31.SE=pkiJ_OtVmRPnVEMagdkuPmIvzcfE14LEjKoiiuiBYsRSb9udqta7KxC4qYgE8z7M1Q0eeFFWGbkD3VeMV-beCdmfwQZlVgEbSttZZCQVswo8e3sDy5zzWSH0isWCgqlhbwYj35svLeeLADWP1V4GPStcv1NQApNRCJ-Zl0HgDfRVSyn0asgO2-XbxyZeuYEAVJxcAFz9tsN91ci8qqxgNkbYRwNfGEyWvfFNK8honh_uF1m2rIx5J0OUKK_W6CND6NwyYIjWXNmtFOMc4HEX8-GF25dKThLZFx1ne-d-Z5XtDG-r3GFWqhInFTQncqjGh5n9o_VtO4YVLG1JL5Te3PTWoV_tv-MJf-LBscb1xQzW2wgXZHLCM4FUR3k4q2-iO2Y6auT9B7O4xpBRcrM4lpsOfHjpris7jCjAjTe7UbeFoJVw0ehiEBQSIoZA-dihNYwTnGhk5Y8U5sXd3PJIZw; NID=529=FeFlUu4mBSRqyvatlng42F0mWjeawN7V_8wlwwAvL6vNqn83n3NTlXsNd1gT-iu8WBp8zA_MXvGrVhtwL2En0jAhYicEnzxU_WWbcqh57SXeDZ6B4co-rJHPdrRYlHpH7gvZQLlFieRLrQYF8spx_rcP-5jLo-QcTG10CxwutrDGNrSLLCb2ZZg89ZDJQo09TwbsjUkw9vL28FFpwWysXT7B9XUR92PSpyrOqNyhPTC5JodBDcHmOX6XJKPmBicRjGXcvPong1ZdR3mLX7gBDAdBL9m1ciqJ2w5_G1ghIBqfWVEfv-HlNSMSDRloXE4e653qui2o9ZSnrXnNQFEoiQdrDZjSJ37yljgNGLjk79lX-aPEmGznbpPKZ94kR-uqOyDwEjKvd-AdqOz_t9UL8Hg5rjKKb_EhP5YcZuxlqspKgTM4EncXOpwCG7WqowQxQjrLGkDGDyFRifYbnmaFQ0s1tweCbEJU95wcb5X7xq0iQU7tPQy6eGZDZoxSWUUs6ou375Fk3RChttURvJtQCRDcHBOdal4GVKGZMGLNLXn_baxg41qLpQF8sD1zWP0-Hp8EK812eo8UCVjfjo8KoxDrP5ljiKNrfZMLiCIJZT2vA5wWdIDNZsqis0Y1tiLoX79AnvM1RJ-aYNYnciQndRpcP0aLHtKCRdAS1LlAuBZT5p3IfDVF04jYq6KJyQA2Lmx2sc-aO-XjFJjTtVKeMPah0l-ulgo80xf3EwGdK4C3Mgr09bjP_fXbOWxUQHRX-0sq_lIS9yZ69zLPUddhBHiTf675KVUuVA_P078qMph15JKM5xrkHyBxJ0Wkb-osrFqdyO2-6tyGlFgTDrOnGXPy2eX1VjOyJM_mlc9loY0s3yQZiMB2MEtR27yWAGV4CzXIJxaYJ9d_cJXe3wZfS5cmDCW4H2UY3X0YdKwd3mVF8m5tUfrORJ6DkEW4mOYyM1d7WgPJ_dKktLwwbN7srPdGf6J9lxwU3k9d6e8; __Secure-1PSIDTS=sidts-CjIBBj1CYpovZfCW5xg4AgYE2sZymQ1UNeQfzukoqOT9fMfIcook-Szd-i1SWBNAwaxYIxAA; __Secure-3PSIDTS=sidts-CjIBBj1CYpovZfCW5xg4AgYE2sZymQ1UNeQfzukoqOT9fMfIcook-Szd-i1SWBNAwaxYIxAA; SIDCC=AKEyXzU8MwfJuPHbskhoHL2Y_bpfuSSy2Wqv9tG41zXxq1DIA1ANYm8qfegpDn14dlsjMmkm0W9V; __Secure-1PSIDCC=AKEyXzWfQRFXNZDFGtgp82ro20Wgcy22gk5QWxXJOnlr8pzWIy8yBXqZhT86NIphHLWRj0t1BpSy; __Secure-3PSIDCC=AKEyXzVvCiViJVlinYeoVyne-P4XUapIMrxp7rCRJO2Z41yK4SuTY_0y5J2FXcsD5SMpI8L_yNqT; _ga_W0LDH41ZCB=GS2.1.s1771346643$o114$g1$t1771350110$j60$l0$h0
> accept: */*
> accept-language: es-ES,es;q=0.9
> content-type: application/x-www-form-urlencoded;charset=UTF-8
> origin: https://notebooklm.google.com
> priority: u=1, i
> referer: https://notebooklm.google.com/
> sec-ch-ua: "Google Chrome";v="143", "Chromium";v="143", "Not A(Brand";v="24"
> sec-ch-ua-mobile: ?0
> sec-ch-ua-platform: "macOS"
> sec-fetch-dest: empty
> sec-fetch-mode: cors
> sec-fetch-site: same-origin
> user-agent: Mozilla/5.0 (Macintosh; Intel Mac OS X 10_15_7) AppleWebKit/537.36 (KHTML, like Gecko) Chrome/143.0.0.0 Safari/537.36
> x-same-domain: 1
> Content-Length: 210
> 
} [210 bytes data]
* upload completely sent off: 210 bytes
< HTTP/2 200 
< content-type: application/json; charset=utf-8
< vary: Sec-Fetch-Dest, Sec-Fetch-Mode, Sec-Fetch-Site
< cache-control: no-cache, no-store, max-age=0, must-revalidate
< pragma: no-cache
< expires: Mon, 01 Jan 1990 00:00:00 GMT
< date: Tue, 17 Feb 2026 17:52:00 GMT
< content-disposition: attachment; filename="response.bin"; filename*=UTF-8''response.bin
< x-content-type-options: nosniff
< cross-origin-opener-policy: same-origin-allow-popups
< permissions-policy: ch-ua-arch=*, ch-ua-bitness=*, ch-ua-full-version=*, ch-ua-full-version-list=*, ch-ua-model=*, ch-ua-wow64=*, ch-ua-form-factors=*, ch-ua-platform=*, ch-ua-platform-version=*
< cross-origin-resource-policy: same-site
< accept-ch: Sec-CH-UA-Arch, Sec-CH-UA-Bitness, Sec-CH-UA-Full-Version, Sec-CH-UA-Full-Version-List, Sec-CH-UA-Model, Sec-CH-UA-WoW64, Sec-CH-UA-Form-Factors, Sec-CH-UA-Platform, Sec-CH-UA-Platform-Version
< content-security-policy: require-trusted-types-for 'script';report-uri /_/LabsTailwindUi/cspreport
< content-encoding: gzip
< server: ESF
< x-xss-protection: 0
< x-frame-options: SAMEORIGIN
< set-cookie: SIDCC=AKEyXzV4rV_2m4GMKxep2AGsjznQN3Q78f2hh0GfufZYgOJbhTbFf3kugYqJysTJlfbXiX63GN3a; expires=Wed, 17-Feb-2027 17:52:01 GMT; path=/; domain=.google.com; priority=high
< set-cookie: __Secure-1PSIDCC=AKEyXzUSwjXxe5JfzNvmwItC3euadacHQ1Vpz_l9aeWqE_Fhx5GdAG8zf_cM6RWSC6rZNSSWHOmN; expires=Wed, 17-Feb-2027 17:52:01 GMT; path=/; domain=.google.com; Secure; HttpOnly; priority=high
< set-cookie: __Secure-3PSIDCC=AKEyXzWp6_UqoobISugv1dpjC62Cbsc4iW0WiDvpSI8tzIjNSRguRALbGYXG_BvWXfD4aJFpZo9R; expires=Wed, 17-Feb-2027 17:52:01 GMT; path=/; domain=.google.com; Secure; HttpOnly; priority=high; SameSite=none
< set-cookie: SIDCC=AKEyXzWCfdj0SIRT28Ilfp78ajq1j8oKmcNorDr15a8XqfKr3Pl8UarrWblSDkes2d-BPMz2gNko; expires=Wed, 17-Feb-2027 17:52:01 GMT; path=/; domain=.google.com; priority=high
< set-cookie: __Secure-1PSIDCC=AKEyXzWC4Zdjjxw1DVjcI0q7JjovPhGBMfvw_cB28aacvzdyD292QJSyfRKBpAGeyoOepYuRXeb5; expires=Wed, 17-Feb-2027 17:52:01 GMT; path=/; domain=.google.com; Secure; HttpOnly; priority=high
< set-cookie: __Secure-3PSIDCC=AKEyXzVRP5z8VfkwcsyMYBeQFquQbGLCLi9Bm-WRkcFmhWzNVJUI1XM-HhQrQBXzbVKrRPvFIvq1; expires=Wed, 17-Feb-2027 17:52:01 GMT; path=/; domain=.google.com; Secure; HttpOnly; priority=high; SameSite=none
< alt-svc: h3=":443"; ma=2592000,h3-29=":443"; ma=2592000
< 
{ [157 bytes data]
* Connection #0 to host notebooklm.google.com left intact
